<?xml version="1.0" encoding="UTF-8"?>
<!-- Generated by org.testng.reporters.JUnitReportReporter -->
<testsuite skipped="0" hostname="DESKTOP-3EINJNF" name="HackerRankerTests.TC003_CountNoOfMatchesWhichAreDrawnIn2011" tests="1" failures="0" timestamp="2020-12-03T23:06:24 GMT" time="6.087" errors="0">
  <testcase name="tc01_ValidateTheCountOfDrawnMatchesIn2011" time="6.087" classname="HackerRankerTests.TC003_CountNoOfMatchesWhichAreDrawnIn2011"/>
  <system-out/>
</testsuite> <!-- HackerRankerTests.TC003_CountNoOfMatchesWhichAreDrawnIn2011 -->
