<?xml version="1.0" encoding="UTF-8"?>
<!-- Generated by org.testng.reporters.JUnitReportReporter -->
<testsuite skipped="0" hostname="DESKTOP-3EINJNF" name="HackerRankerTests.TC002_GET_FootballCompetitions" tests="5" failures="0" timestamp="2020-12-03T23:06:24 GMT" time="2.606" errors="0">
  <testcase name="tc02_StatusCodeValidation" time="0.500" classname="HackerRankerTests.TC002_GET_FootballCompetitions"/>
  <system-out/>
  <testcase name="tc05_validateFirstRecordOfDataArray" time="0.548" classname="HackerRankerTests.TC002_GET_FootballCompetitions"/>
  <system-out/>
  <testcase name="tc03_validateHeaders" time="0.501" classname="HackerRankerTests.TC002_GET_FootballCompetitions"/>
  <system-out/>
  <testcase name="tc02_GET_footballCompetitions" time="0.492" classname="HackerRankerTests.TC002_GET_FootballCompetitions"/>
  <system-out/>
  <testcase name="tc04_validatetopdata" time="0.565" classname="HackerRankerTests.TC002_GET_FootballCompetitions"/>
  <system-out/>
</testsuite> <!-- HackerRankerTests.TC002_GET_FootballCompetitions -->
