<?xml version="1.0" encoding="UTF-8"?>
<!-- Generated by org.testng.reporters.JUnitReportReporter -->
<testsuite skipped="0" hostname="DESKTOP-3EINJNF" name="HackerRankerTests.TC001_GET_FootballMatches" tests="5" failures="0" timestamp="2020-12-03T23:06:24 GMT" time="5.651" errors="0">
  <testcase name="tc01_GET_footballMatches" time="2.525" classname="HackerRankerTests.TC001_GET_FootballMatches"/>
  <system-out/>
  <testcase name="tc02_StatusCodeValidation" time="0.531" classname="HackerRankerTests.TC001_GET_FootballMatches"/>
  <system-out/>
  <testcase name="tc03_validateHeaders" time="0.530" classname="HackerRankerTests.TC001_GET_FootballMatches"/>
  <system-out/>
  <testcase name="tc04_validatetopdata" time="1.253" classname="HackerRankerTests.TC001_GET_FootballMatches"/>
  <system-out/>
  <testcase name="tc05_validateFirstRecordOfDataArray" time="0.812" classname="HackerRankerTests.TC001_GET_FootballMatches"/>
  <system-out/>
</testsuite> <!-- HackerRankerTests.TC001_GET_FootballMatches -->
